2022-01-06T13:20:08.1286381-05:00  -  Begin Processing
2022-01-06T13:20:08.1316383-05:00  -  Valid DB
2022-01-06T13:20:08.1346380-05:00  -  Valid source CSV
2022-01-06T13:20:08.1366432-05:00  -  start read
2022-01-06T13:20:08.3816702-05:00  -  end read
2022-01-06T13:27:54.5537264-05:00  -  Begin Processing
2022-01-06T13:27:54.5647234-05:00  -  Valid DB
2022-01-06T13:27:54.5687242-05:00  -  Valid source CSV
2022-01-06T13:27:54.5707235-05:00  -  start read
2022-01-06T13:27:55.6810486-05:00  -  end read
2022-01-06T13:35:51.7397289-05:00  -  Begin Processing
2022-01-06T13:35:51.7417289-05:00  -  Valid DB
2022-01-06T13:35:51.7437315-05:00  -  Valid source CSV
2022-01-06T13:35:51.7447302-05:00  -  start read
2022-01-06T13:35:51.8877310-05:00  -  end read
2022-01-06T13:36:25.1255298-05:00  -  Begin Processing
2022-01-06T13:36:25.1275331-05:00  -  Valid DB
2022-01-06T13:36:25.1285331-05:00  -  Valid source CSV
2022-01-06T13:36:25.1295329-05:00  -  start read
2022-01-06T13:36:25.2711047-05:00  -  end read
2022-01-06T13:37:02.0990656-05:00  -  Begin Processing
2022-01-06T13:37:02.1020704-05:00  -  Valid DB
2022-01-06T13:37:02.1050635-05:00  -  Valid source CSV
2022-01-06T13:37:02.1060679-05:00  -  start read
2022-01-06T13:37:02.1410683-05:00  -  end read
2022-01-06T13:38:04.6888394-05:00  -  Begin Processing
2022-01-06T13:38:04.6908366-05:00  -  Valid DB
2022-01-06T13:38:04.6918345-05:00  -  Valid source CSV1
2022-01-06T13:38:04.6928345-05:00  -  start read
2022-01-06T13:38:04.6968347-05:00  -  end read
2022-01-06T13:39:34.2632789-05:00  -  Begin Processing
2022-01-06T13:39:34.2652503-05:00  -  Valid DB
2022-01-06T13:39:34.2682526-05:00  -  Valid source CSV
2022-01-06T13:39:34.2712609-05:00  -  start read
2022-01-06T13:39:34.4122508-05:00  -  end read
2022-01-06T13:44:46.3473827-05:00  -  Begin Processing
2022-01-06T13:44:46.3483495-05:00  -  Valid DB
2022-01-06T13:44:46.3503498-05:00  -  Valid source CSV
2022-01-06T13:44:46.3513835-05:00  -  start read of csv
2022-01-06T13:44:55.6823895-05:00  -  end read
2022-01-06T13:46:06.9941085-05:00  -  Begin Processing
2022-01-06T13:46:06.9961099-05:00  -  Valid DB
2022-01-06T13:46:06.9981101-05:00  -  Valid source CSV
2022-01-06T13:46:06.9991096-05:00  -  start read of csv
2022-01-06T13:46:33.4126117-05:00  -  end read
2022-01-06T13:49:03.1699863-05:00  -  Begin Processing
2022-01-06T13:49:03.1729518-05:00  -  Valid DB
2022-01-06T13:49:03.1749528-05:00  -  Valid source CSV
2022-01-06T13:49:03.1769513-05:00  -  start read of csv
2022-01-06T13:49:17.9990347-05:00  -  end read
2022-01-06T13:53:47.5797617-05:00  -  Begin Processing
2022-01-06T13:53:47.5817261-05:00  -  Valid DB
2022-01-06T13:53:47.5837266-05:00  -  Valid source CSV
2022-01-06T13:53:47.5847300-05:00  -  start read of csv
2022-01-06T13:54:04.3196212-05:00  -  end read
2022-01-06T13:55:05.1639678-05:00  -  Begin Processing
2022-01-06T13:55:05.1669364-05:00  -  Valid DB
2022-01-06T13:55:05.1699325-05:00  -  Valid source CSV
2022-01-06T13:55:05.1719463-05:00  -  start read of csv
2022-01-06T13:56:45.7443551-05:00  -  Begin Processing
2022-01-06T13:56:45.7453556-05:00  -  Valid DB
2022-01-06T13:56:45.7473551-05:00  -  Valid source CSV
2022-01-06T13:56:45.7483553-05:00  -  start read of csv
2022-01-06T14:52:41.2378676-05:00  -  Begin Processing
2022-01-06T14:52:41.2408468-05:00  -  Valid DB
2022-01-06T14:52:41.2428470-05:00  -  Valid source CSV
2022-01-06T14:52:41.2448481-05:00  -  start read of csv
2022-01-06T14:52:55.0294429-05:00  -  end read
2022-01-06T14:54:10.0377026-05:00  -  Begin Processing
2022-01-06T14:54:10.0427018-05:00  -  Valid DB
2022-01-06T14:54:10.0437366-05:00  -  Valid source CSV
2022-01-06T14:54:10.0447374-05:00  -  start read of csv
2022-01-06T14:57:16.8618290-05:00  -  Begin Processing
2022-01-06T14:57:16.8638289-05:00  -  Valid DB
2022-01-06T14:57:16.8648286-05:00  -  Valid source CSV
2022-01-06T14:57:16.8668388-05:00  -  start read of csv
2022-01-06T14:58:26.2505862-05:00  -  Begin Processing
2022-01-06T14:58:26.2535839-05:00  -  Valid DB
2022-01-06T14:58:26.2555832-05:00  -  Valid source CSV
2022-01-06T14:58:26.2565816-05:00  -  start read of csv
2022-01-06T14:59:30.6920442-05:00  -  Begin Processing
2022-01-06T14:59:30.6940511-05:00  -  Valid DB
2022-01-06T14:59:30.6960130-05:00  -  missing Source CSV
2022-01-06T14:59:30.6970480-05:00  -  start read of csv
2022-01-06T15:00:39.1245741-05:00  -  Begin Processing
2022-01-06T15:00:39.1265728-05:00  -  Valid DB
2022-01-06T15:00:39.1275733-05:00  -  missing Source CSV
2022-01-06T15:00:39.1285734-05:00  -  start read of csv
2022-01-06T15:01:10.4468793-05:00  -  Begin Processing
2022-01-06T15:01:10.4488763-05:00  -  Valid DB
2022-01-06T15:01:10.4508767-05:00  -  Valid source CSV
2022-01-06T15:01:10.4538817-05:00  -  start read of csv
2022-01-06T15:02:25.9377792-05:00  -  Begin Processing
2022-01-06T15:02:25.9397796-05:00  -  Valid DB
2022-01-06T15:02:25.9417767-05:00  -  Valid source CSV
2022-01-06T15:02:25.9427755-05:00  -  start read of csv
2022-01-06T15:04:45.9999783-05:00  -  Begin Processing
2022-01-06T15:04:46.0019780-05:00  -  Valid DB
2022-01-06T15:04:46.0039774-05:00  -  Valid source CSV
2022-01-06T15:04:46.0049755-05:00  -  start read of csv
2022-01-06T15:04:46.0729779-05:00  -  end read
2022-01-06T15:06:12.0215167-05:00  -  Begin Processing
2022-01-06T15:06:12.0245211-05:00  -  Valid DB
2022-01-06T15:06:12.0265166-05:00  -  Valid source CSV
2022-01-06T15:06:12.0275185-05:00  -  start read of csv
2022-01-06T15:06:12.0665211-05:00  -  end read
2022-01-06T15:07:55.9945179-05:00  -  Begin Processing
2022-01-06T15:07:55.9965169-05:00  -  Valid DB
2022-01-06T15:07:55.9985166-05:00  -  Valid source CSV
2022-01-06T15:07:56.0005206-05:00  -  start read of csv
2022-01-06T15:07:56.0225175-05:00  -  end read
2022-01-06T15:08:39.4335013-05:00  -  Begin Processing
2022-01-06T15:08:39.4365015-05:00  -  Valid DB
2022-01-06T15:08:39.4384967-05:00  -  Valid source CSV
2022-01-06T15:08:39.4784954-05:00  -  start read of csv
2022-01-06T15:09:06.5631428-05:00  -  end read
2022-01-06T15:16:41.9425315-05:00  -  Begin Processing
2022-01-06T15:16:41.9455288-05:00  -  Valid DB
2022-01-06T15:16:41.9465276-05:00  -  Valid source CSV
2022-01-06T15:16:41.9475273-05:00  -  start read of csv
2022-01-06T15:16:45.0514942-05:00  -  end read
2022-01-06T15:18:06.9611021-05:00  -  Begin Processing
2022-01-06T15:18:06.9631029-05:00  -  Valid DB
2022-01-06T15:18:06.9641017-05:00  -  Valid source CSV
2022-01-06T15:18:06.9651017-05:00  -  start read of csv
2022-01-06T15:18:26.0054203-05:00  -  Begin Processing
2022-01-06T15:18:26.0074213-05:00  -  Valid DB
2022-01-06T15:18:26.0094279-05:00  -  Valid source CSV
2022-01-06T15:18:26.0104499-05:00  -  start read of csv
2022-01-06T15:18:28.1686522-05:00  -  end read
2022-01-06T15:20:20.5825851-05:00  -  Begin Processing
2022-01-06T15:20:20.5865864-05:00  -  Valid DB
2022-01-06T15:20:20.5885950-05:00  -  Valid source CSV
2022-01-06T15:20:20.5895843-05:00  -  start read of csv
2022-01-06T15:20:23.8081625-05:00  -  end read
2022-01-06T15:22:40.7054330-05:00  -  Begin Processing
2022-01-06T15:22:40.7074274-05:00  -  Valid DB
2022-01-06T15:22:40.7094304-05:00  -  Valid source CSV
2022-01-06T15:22:40.7114307-05:00  -  start read of csv
2022-01-06T15:22:40.9084554-05:00  -  end read
2022-01-06T15:25:00.9905215-05:00  -  Begin Processing
2022-01-06T15:25:00.9925221-05:00  -  Valid DB
2022-01-06T15:25:00.9935193-05:00  -  Valid source CSV
2022-01-06T15:25:00.9955210-05:00  -  start read of csv
2022-01-06T15:25:01.2125175-05:00  -  end read
2022-01-06T15:25:40.1338679-05:00  -  Begin Processing
2022-01-06T15:25:40.1384799-05:00  -  Valid DB
2022-01-06T15:25:40.1404727-05:00  -  Valid source CSV
2022-01-06T15:25:40.1424736-05:00  -  start read of csv
2022-01-06T15:38:49.8703511-05:00  -  Begin Processing
2022-01-06T15:38:49.8753503-05:00  -  Valid DB
2022-01-06T15:38:49.8783511-05:00  -  Valid source CSV
2022-01-06T15:38:49.8793494-05:00  -  start read of csv
2022-01-06T15:43:59.1916899-05:00  -  end read start write
2022-01-06T15:51:46.9377574-05:00  -  Begin Processing
2022-01-06T15:51:46.9407946-05:00  -  Valid DB
2022-01-06T15:51:46.9427915-05:00  -  Valid source CSV
2022-01-06T15:51:46.9437813-05:00  -  start read of csv
2022-01-06T15:56:50.5103432-05:00  -  end read start write
2022-01-21T10:53:12.1997719-05:00  -  Begin Processing
2022-01-21T10:53:12.2167526-05:00  -  Valid DB
2022-01-21T10:53:12.2267526-05:00  -  Valid source CSV
2022-01-21T10:53:12.2347520-05:00  -  start read of csv
2022-01-21T10:53:32.2535427-05:00  -  Begin Processing
2022-01-21T10:53:32.2555397-05:00  -  Valid DB
2022-01-21T10:53:32.2655428-05:00  -  Valid source CSV
2022-01-21T10:53:36.9139851-05:00  -  start read of csv
2022-01-21T10:54:36.4551376-05:00  -  Begin Processing
2022-01-21T10:54:36.4571313-05:00  -  Valid DB
2022-01-21T10:54:36.4661430-05:00  -  Valid source CSV
2022-01-21T10:54:38.0844718-05:00  -  start read of csv
2022-01-21T10:59:13.9034926-05:00  -  Begin Processing
2022-01-21T10:59:13.9055276-05:00  -  Valid DB
2022-01-21T10:59:13.9125281-05:00  -  Valid source CSV
2022-01-21T10:59:13.9194935-05:00  -  start read of csv
2022-01-21T10:59:14.1715293-05:00  -  end read
2022-01-21T11:00:31.3629868-05:00  -  Begin Processing
2022-01-21T11:00:31.3649898-05:00  -  Valid DB
2022-01-21T11:00:31.3740187-05:00  -  Valid source CSV
2022-01-21T11:00:31.3799873-05:00  -  start read of csv
2022-01-21T11:00:31.7876422-05:00  -  end read
2022-01-21T11:01:41.1574400-05:00  -  Begin Processing
2022-01-21T11:01:41.1584426-05:00  -  Valid DB
2022-01-21T11:01:41.1654083-05:00  -  Valid source CSV
2022-01-21T11:01:41.1714072-05:00  -  start read of csv
2022-01-21T11:01:41.5014444-05:00  -  end read
2022-01-21T11:03:13.2290360-05:00  -  Begin Processing
2022-01-21T11:03:13.2330395-05:00  -  Valid DB
2022-01-21T11:03:13.2420317-05:00  -  Valid source CSV
2022-01-21T11:03:13.2500312-05:00  -  start read of csv
2022-01-21T11:03:13.5840317-05:00  -  end read
2022-01-21T11:08:22.9267766-05:00  -  Begin Processing
2022-01-21T11:08:22.9287781-05:00  -  Valid DB
2022-01-21T11:08:22.9377769-05:00  -  Valid source CSV
2022-01-21T11:08:22.9467746-05:00  -  start read of csv
2022-01-21T11:08:23.3364989-05:00  -  end read
2022-01-21T11:10:48.9077535-05:00  -  Begin Processing
2022-01-21T11:10:48.9097534-05:00  -  Valid DB
2022-01-21T11:10:48.9187532-05:00  -  Valid source CSV
2022-01-21T11:10:48.9247523-05:00  -  start read of csv
2022-01-21T11:10:49.2413714-05:00  -  end read
2022-01-21T11:19:49.7397248-05:00  -  Begin Processing
2022-01-21T11:19:49.7407260-05:00  -  Valid DB
2022-01-21T11:19:49.7497285-05:00  -  Valid source CSV
2022-01-21T11:19:49.7557243-05:00  -  start read of csv
2022-01-21T11:19:49.9953689-05:00  -  end read
2022-01-21T11:21:45.6764641-05:00  -  Begin Processing
2022-01-21T11:21:45.6774634-05:00  -  Valid DB
2022-01-21T11:21:45.6854643-05:00  -  Valid source CSV
2022-01-21T11:21:45.6914643-05:00  -  start read of csv
2022-01-21T11:21:45.9384647-05:00  -  end read
2022-01-21T11:24:06.6490165-05:00  -  Begin Processing
2022-01-21T11:24:06.6510163-05:00  -  Valid DB
2022-01-21T11:24:06.6580147-05:00  -  Valid source CSV
2022-01-21T11:24:06.6680483-05:00  -  start read of csv
2022-01-21T11:24:07.0230167-05:00  -  end read
2022-01-21T11:29:52.7280097-05:00  -  Begin Processing
2022-01-21T11:29:52.7370042-05:00  -  Valid DB
2022-01-21T11:29:52.7470086-05:00  -  Valid source CSV
2022-01-21T11:29:52.7540052-05:00  -  start read of csv
2022-01-21T11:29:53.0956911-05:00  -  end read
2022-01-21T11:31:52.0275228-05:00  -  Begin Processing
2022-01-21T11:31:52.0285269-05:00  -  Valid DB
2022-01-21T11:31:52.0364889-05:00  -  Valid source CSV
2022-01-21T11:31:52.0424891-05:00  -  start read of csv
2022-01-21T11:31:52.3127336-05:00  -  end read
2022-01-21T11:32:52.7600207-05:00  -  Begin Processing
2022-01-21T11:32:52.7620206-05:00  -  Valid DB
2022-01-21T11:32:52.7700222-05:00  -  Valid source CSV
2022-01-21T11:32:52.7760217-05:00  -  start read of csv
2022-01-21T11:32:53.1887136-05:00  -  end read
2022-01-21T11:33:10.7752592-05:00  -  Begin Processing
2022-01-21T11:33:10.7772605-05:00  -  Valid DB
2022-01-21T11:33:10.7872580-05:00  -  Valid source CSV
2022-01-21T11:33:10.7945925-05:00  -  start read of csv
2022-01-21T11:33:11.4399896-05:00  -  end read
2022-01-21T11:33:45.9096632-05:00  -  Begin Processing
2022-01-21T11:33:45.9106638-05:00  -  Valid DB
2022-01-21T11:33:45.9196881-05:00  -  Valid source CSV
2022-01-21T11:33:45.9256550-05:00  -  start read of csv
2022-01-21T11:33:46.1399078-05:00  -  end read
2022-01-21T11:35:29.8967744-05:00  -  Begin Processing
2022-01-21T11:35:29.9037750-05:00  -  Valid DB
2022-01-21T11:35:29.9115618-05:00  -  Valid source CSV
2022-01-21T11:35:29.9175598-05:00  -  start read of csv
2022-01-21T11:35:30.2321850-05:00  -  end read
2022-01-21T11:37:28.1558007-05:00  -  Begin Processing
2022-01-21T11:37:28.1568015-05:00  -  Valid DB
2022-01-21T11:37:28.1658040-05:00  -  Valid source CSV
2022-01-21T11:37:28.1738048-05:00  -  start read of csv
2022-01-21T11:37:28.4508016-05:00  -  end read
2022-01-21T11:38:31.8351246-05:00  -  Begin Processing
2022-01-21T11:38:31.8381259-05:00  -  Valid DB
2022-01-21T11:38:31.8451263-05:00  -  Valid source CSV
2022-01-21T11:38:31.8551257-05:00  -  start read of csv
2022-01-21T11:38:32.1688893-05:00  -  end read
2022-01-21T11:40:35.5164529-05:00  -  Begin Processing
2022-01-21T11:40:35.5174527-05:00  -  Valid DB
2022-01-21T11:40:35.5244551-05:00  -  Valid source CSV
2022-01-21T11:40:35.5304543-05:00  -  start read of csv
2022-01-21T11:40:35.8051328-05:00  -  end read
2022-01-21T12:41:52.9924690-05:00  -  Begin Processing
2022-01-21T12:41:52.9944692-05:00  -  Valid DB
2022-01-21T12:41:53.0005102-05:00  -  Valid source CSV
2022-01-21T12:41:53.0065047-05:00  -  start read of csv
2022-01-21T12:41:53.4245187-05:00  -  end read
2022-01-21T14:46:55.9857669-05:00  -  end read start write
2022-01-21T14:46:55.9907660-05:00  -  End write
2022-01-21T15:31:36.2006177-05:00  -  Begin Processing
2022-01-21T15:31:36.2026161-05:00  -  Valid DB
2022-01-21T15:31:36.3356157-05:00  -  Valid source CSV
2022-01-21T15:31:36.3416159-05:00  -  start read of csv
2022-01-21T15:31:36.3956186-05:00  -  end read
2022-01-21T15:31:36.4856149-05:00  -  end read start write
2022-01-21T15:31:36.4866142-05:00  -  End write
2022-01-21T15:32:10.0194367-05:00  -  Begin Processing
2022-01-21T15:32:10.0214390-05:00  -  Valid DB
2022-01-21T15:32:10.0494388-05:00  -  Valid source CSV
2022-01-21T15:32:10.0574359-05:00  -  start read of csv
2022-01-21T15:32:10.2734375-05:00  -  end read
2022-01-21T15:32:29.7818121-05:00  -  Begin Processing
2022-01-21T15:32:29.7838129-05:00  -  Valid DB
2022-01-21T15:32:29.7908107-05:00  -  Valid source CSV
2022-01-21T15:32:29.7978112-05:00  -  start read of csv
2022-01-21T15:32:29.8438118-05:00  -  end read
2022-01-21T15:33:11.8717254-05:00  -  Begin Processing
2022-01-21T15:33:11.8737541-05:00  -  Valid DB
2022-01-21T15:33:11.8827227-05:00  -  Valid source CSV
2022-01-21T15:33:11.8887227-05:00  -  start read of csv
2022-01-21T15:33:11.9427257-05:00  -  end read
2022-01-21T15:35:02.5545626-05:00  -  Begin Processing
2022-01-21T15:35:02.5565629-05:00  -  Valid DB
2022-01-21T15:35:02.5655626-05:00  -  Valid source CSV
2022-01-21T15:35:02.5735618-05:00  -  start read of csv
2022-01-21T15:35:02.6415623-05:00  -  end read
2022-01-21T15:35:40.3605246-05:00  -  Begin Processing
2022-01-21T15:35:40.3625260-05:00  -  Valid DB
2022-01-21T15:35:40.3705254-05:00  -  Valid source CSV
2022-01-21T15:35:40.3775247-05:00  -  start read of csv
2022-01-21T15:35:40.4475250-05:00  -  end read
2022-01-21T15:37:22.3997468-05:00  -  Begin Processing
2022-01-21T15:37:22.4007444-05:00  -  Valid DB
2022-01-21T15:37:22.4087144-05:00  -  Valid source CSV
2022-01-21T15:37:22.4157160-05:00  -  start read of csv
2022-01-21T15:37:22.4942970-05:00  -  end read
2022-01-21T15:37:25.4180094-05:00  -  end read start write
2022-01-21T15:37:25.4190128-05:00  -  End write
2022-01-21T15:38:37.9067129-05:00  -  Begin Processing
2022-01-21T15:38:37.9077111-05:00  -  Valid DB
2022-01-21T15:38:37.9147141-05:00  -  Valid source CSV
2022-01-21T15:38:37.9227118-05:00  -  start read of csv
2022-01-21T15:38:37.9877114-05:00  -  end read
2022-01-21T15:39:28.6862371-05:00  -  Begin Processing
2022-01-21T15:39:28.6882025-05:00  -  Valid DB
2022-01-21T15:39:28.6962028-05:00  -  Valid source CSV
2022-01-21T15:39:28.7052022-05:00  -  start read of csv
2022-01-21T15:39:28.7942029-05:00  -  end read
2022-01-21T15:39:29.0332012-05:00  -  end read start write
2022-01-21T15:39:29.0342014-05:00  -  End write
2022-01-21T15:40:04.6042359-05:00  -  Begin Processing
2022-01-21T15:40:04.6052353-05:00  -  Valid DB
2022-01-21T15:40:04.6142331-05:00  -  Valid source CSV
2022-01-21T15:40:04.6211052-05:00  -  start read of csv
2022-01-21T15:40:04.7051044-05:00  -  end read
2022-01-21T15:42:09.8068717-05:00  -  Begin Processing
2022-01-21T15:42:09.8078728-05:00  -  Valid DB
2022-01-21T15:42:09.9489079-05:00  -  Valid source CSV
2022-01-21T15:42:09.9498739-05:00  -  start read of csv
2022-01-21T15:42:10.0258776-05:00  -  end read
2022-01-21T15:43:51.3042010-05:00  -  Begin Processing
2022-01-21T15:43:51.3051980-05:00  -  Valid DB
2022-01-21T15:43:51.3142031-05:00  -  Valid source CSV
2022-01-21T15:43:51.3202010-05:00  -  start read of csv
2022-01-21T15:43:51.3842008-05:00  -  end read
2022-01-21T15:46:10.9789537-05:00  -  Begin Processing
2022-01-21T15:46:10.9799844-05:00  -  Valid DB
2022-01-21T15:46:10.9869605-05:00  -  Valid source CSV
2022-01-21T15:46:10.9939566-05:00  -  start read of csv
2022-01-21T15:46:11.0604356-05:00  -  end read
2022-01-21T15:47:19.7247078-05:00  -  Begin Processing
2022-01-21T15:47:19.7267075-05:00  -  Valid DB
2022-01-21T15:47:19.7357455-05:00  -  Valid source CSV
2022-01-21T15:47:19.7417080-05:00  -  start read of csv
2022-01-21T15:47:19.8137057-05:00  -  end read
2022-01-21T15:47:59.8680884-05:00  -  Begin Processing
2022-01-21T15:47:59.8700948-05:00  -  Valid DB
2022-01-21T15:47:59.8770597-05:00  -  Valid source CSV
2022-01-21T15:47:59.8840798-05:00  -  start read of csv
2022-01-21T15:47:59.9520607-05:00  -  end read
2022-01-21T15:48:56.3094213-05:00  -  end read start write
2022-01-21T15:48:56.3154072-05:00  -  End write
2022-01-21T15:50:03.7627753-05:00  -  Begin Processing
2022-01-21T15:50:03.7647855-05:00  -  Valid DB
2022-01-21T15:50:03.7707752-05:00  -  Valid source CSV
2022-01-21T15:50:03.7787466-05:00  -  start read of csv
2022-01-21T15:50:03.9739881-05:00  -  end read
2022-01-21T15:50:29.3854340-05:00  -  end read start write
2022-01-21T15:50:29.3874358-05:00  -  End write
2022-01-21T15:51:16.2104370-05:00  -  Begin Processing
2022-01-21T15:51:16.2124343-05:00  -  Valid DB
2022-01-21T15:51:16.2194361-05:00  -  Valid source CSV
2022-01-21T15:51:16.2254334-05:00  -  start read of csv
2022-01-21T15:51:16.2934347-05:00  -  end read
2022-01-21T16:03:20.3434853-05:00  -  Begin Processing
2022-01-21T16:03:20.3454815-05:00  -  Valid DB
2022-01-21T16:03:20.3534535-05:00  -  Valid source CSV
2022-01-21T16:03:20.3594513-05:00  -  start read of csv
2022-01-21T16:03:20.4374528-05:00  -  end read
2022-01-21T16:14:18.6475611-05:00  -  Begin Processing
2022-01-21T16:14:18.6495256-05:00  -  Valid DB
2022-01-21T16:14:18.6565280-05:00  -  Valid source CSV
2022-01-21T16:14:18.6645638-05:00  -  start read of csv
2022-01-21T16:14:18.8375258-05:00  -  end read
2022-01-21T16:14:32.1256463-05:00  -  Begin Processing
2022-01-21T16:14:32.1266400-05:00  -  Valid DB
2022-01-21T16:14:32.1346060-05:00  -  Valid source CSV
2022-01-21T16:14:32.1406406-05:00  -  start read of csv
2022-01-21T16:14:32.3482611-05:00  -  end read
2022-01-21T16:16:05.0244795-05:00  -  Begin Processing
2022-01-21T16:16:05.0254796-05:00  -  Valid DB
2022-01-21T16:16:05.0364793-05:00  -  Valid source CSV
2022-01-21T16:16:05.0425079-05:00  -  start read of csv
2022-01-21T16:16:05.2364791-05:00  -  end read
2022-01-21T16:17:18.9380583-05:00  -  Begin Processing
2022-01-21T16:17:18.9390550-05:00  -  Valid DB
2022-01-21T16:17:18.9500571-05:00  -  Valid source CSV
2022-01-21T16:17:18.9560567-05:00  -  start read of csv
2022-01-21T16:17:19.1708917-05:00  -  end read
2022-01-21T16:18:36.9548300-05:00  -  Begin Processing
2022-01-21T16:18:36.9568297-05:00  -  Valid DB
2022-01-21T16:18:36.9638352-05:00  -  Valid source CSV
2022-01-21T16:18:36.9698340-05:00  -  start read of csv
2022-01-21T16:18:37.1538300-05:00  -  end read
2022-01-21T16:18:40.3894817-05:00  -  end read start write
2022-01-21T16:18:40.3904839-05:00  -  End write
2022-01-21T16:20:36.3998219-05:00  -  Begin Processing
2022-01-21T16:20:36.4008227-05:00  -  Valid DB
2022-01-21T16:20:36.4078243-05:00  -  Valid source CSV
2022-01-21T16:20:36.4158223-05:00  -  start read of csv
2022-01-21T16:20:36.5948351-05:00  -  end read
2022-01-21T16:24:22.6000776-05:00  -  end read start write
2022-01-21T16:24:22.6010788-05:00  -  End write
2022-01-21T16:35:19.2945584-05:00  -  Begin Processing
2022-01-21T16:35:19.2955576-05:00  -  Valid DB
2022-01-21T16:35:19.3105569-05:00  -  Valid source CSV
2022-01-21T16:35:19.3245550-05:00  -  start read of csv
2022-01-21T16:35:19.5184870-05:00  -  end read
2022-01-21T16:36:50.2885053-05:00  -  Begin Processing
2022-01-21T16:36:50.2895041-05:00  -  Valid DB
2022-01-21T16:36:50.3045029-05:00  -  Valid source CSV
2022-01-21T16:36:50.3170997-05:00  -  start read of csv
2022-01-21T16:36:50.5080981-05:00  -  end read
2022-01-21T16:38:40.4161171-05:00  -  Begin Processing
2022-01-21T16:38:40.4181165-05:00  -  Valid DB
2022-01-21T16:38:40.4341182-05:00  -  Valid source CSV
2022-01-21T16:38:40.4491156-05:00  -  start read of csv
2022-01-21T16:38:40.6391171-05:00  -  end read
2022-01-21T16:39:30.7435147-05:00  -  Begin Processing
2022-01-21T16:39:30.7465164-05:00  -  Valid DB
2022-01-21T16:39:30.7645150-05:00  -  Valid source CSV
2022-01-21T16:39:30.7710338-05:00  -  start read of csv
2022-01-21T16:39:30.9516465-05:00  -  end read
2022-01-24T09:19:51.5947131-05:00  -  Begin Processing
2022-01-24T09:19:51.6067128-05:00  -  Valid DB
2022-01-24T09:19:51.6137157-05:00  -  missing Source CSV
2022-01-24T09:19:51.6207155-05:00  -  start read of csv
2022-01-24T09:19:52.1387119-05:00  -  end read
2022-01-24T09:19:52.1477493-05:00  -  end read start write
2022-01-24T09:21:01.5882505-05:00  -  Begin Processing
2022-01-24T09:21:01.5952509-05:00  -  Valid DB
2022-01-24T09:21:01.6062499-05:00  -  Valid source CSV
2022-01-24T09:21:01.6142535-05:00  -  start read of csv
2022-01-24T09:21:01.9694541-05:00  -  end read
2022-01-24T09:28:07.1976760-05:00  -  end read start write
2022-01-24T09:51:31.9408320-05:00  -  Begin Processing
2022-01-24T09:51:31.9493592-05:00  -  Valid DB
2022-01-24T09:51:31.9703545-05:00  -  Valid source CSV
2022-01-24T09:51:31.9823551-05:00  -  start read of csv
2022-01-24T09:51:32.4659063-05:00  -  end read
2022-01-24T10:02:14.2696776-05:00  -  end read start write
2022-01-24T10:03:53.6973548-05:00  -  End write
2022-01-24T10:10:17.8408976-05:00  -  Begin Processing
2022-01-24T10:10:17.8478946-05:00  -  Valid DB
2022-01-24T10:10:17.8598990-05:00  -  Valid source CSV
2022-01-24T10:10:17.8688948-05:00  -  start read of csv
2022-01-24T10:10:27.8234124-05:00  -  end read
2022-01-24T10:11:27.2678075-05:00  -  Begin Processing
2022-01-24T10:11:27.2748154-05:00  -  Valid DB
2022-01-24T10:11:27.2838111-05:00  -  Valid source CSV
2022-01-24T10:11:27.2948101-05:00  -  start read of csv
2022-01-24T10:11:29.4374060-05:00  -  end read
2022-01-24T10:11:57.7060168-05:00  -  Begin Processing
2022-01-24T10:11:57.7119885-05:00  -  Valid DB
2022-01-24T10:11:57.7269862-05:00  -  Valid source CSV
2022-01-24T10:11:57.7369894-05:00  -  start read of csv
2022-01-24T10:12:00.3016387-05:00  -  end read
2022-01-24T10:12:14.4798237-05:00  -  end read start write
2022-01-24T10:12:27.6065417-05:00  -  Begin Processing
2022-01-24T10:12:27.6125496-05:00  -  Valid DB
2022-01-24T10:12:27.6225538-05:00  -  Valid source CSV
2022-01-24T10:12:27.6349953-05:00  -  start read of csv
2022-01-24T10:12:29.9046260-05:00  -  end read
2022-01-24T10:14:35.8601754-05:00  -  end read start write
2022-01-24T10:19:26.8859843-05:00  -  Begin Processing
2022-01-24T10:19:26.8919844-05:00  -  Valid DB
2022-01-24T10:19:26.9019847-05:00  -  Valid source CSV
2022-01-24T10:19:26.9106427-05:00  -  start read of csv
2022-01-24T10:19:29.2606293-05:00  -  end read
2022-01-24T10:21:16.2636033-05:00  -  end read start write
2022-01-24T10:21:31.9308960-05:00  -  End write
2022-01-24T10:25:47.5430659-05:00  -  Begin Processing
2022-01-24T10:25:47.5490580-05:00  -  Valid DB
2022-01-24T10:25:47.5730293-05:00  -  Valid source CSV
2022-01-24T10:25:47.5830576-05:00  -  start read of csv
2022-01-24T10:25:47.8150262-05:00  -  end read
2022-01-24T10:26:21.2986318-05:00  -  Begin Processing
2022-01-24T10:26:21.3016281-05:00  -  Valid DB
2022-01-24T10:26:21.3166310-05:00  -  Valid source CSV
2022-01-24T10:26:21.3286247-05:00  -  start read of csv
2022-01-24T10:26:21.6386270-05:00  -  end read
2022-01-24T10:28:07.4113759-05:00  -  Begin Processing
2022-01-24T10:28:07.4124091-05:00  -  Valid DB
2022-01-24T10:28:07.4223774-05:00  -  Valid source CSV
2022-01-24T10:28:07.4323769-05:00  -  start read of csv
2022-01-24T10:28:07.6750467-05:00  -  end read
2022-01-24T10:29:41.9720758-05:00  -  Begin Processing
2022-01-24T10:29:41.9789592-05:00  -  Valid DB
2022-01-24T10:29:41.9999595-05:00  -  Valid source CSV
2022-01-24T10:29:42.0089586-05:00  -  start read of csv
2022-01-24T10:29:42.2379583-05:00  -  end read
2022-01-24T11:00:32.4137784-05:00  -  Begin Processing
2022-01-24T11:00:32.4197743-05:00  -  Valid DB
2022-01-24T11:00:32.4297739-05:00  -  Valid source CSV
2022-01-24T11:00:32.4367742-05:00  -  start read of csv
2022-01-24T11:00:34.8029217-05:00  -  end read
2022-01-24T11:02:25.6206423-05:00  -  end read start write
2022-01-24T11:02:42.4215171-05:00  -  End write
2022-01-24T11:04:48.3517367-05:00  -  Begin Processing
2022-01-24T11:04:48.3587680-05:00  -  Valid DB
2022-01-24T11:04:48.3687366-05:00  -  Valid source CSV
2022-01-24T11:04:48.3777203-05:00  -  start read of csv
2022-01-24T11:05:59.0250298-05:00  -  Begin Processing
2022-01-24T11:05:59.0300285-05:00  -  Valid DB
2022-01-24T11:05:59.0410237-05:00  -  Valid source CSV
2022-01-24T11:05:59.0490240-05:00  -  start read of csv
2022-01-24T11:06:00.9890364-05:00  -  end read
2022-01-24T11:06:25.6448768-05:00  -  Begin Processing
2022-01-24T11:06:25.6498772-05:00  -  Valid DB
2022-01-24T11:06:25.6598764-05:00  -  Valid source CSV
2022-01-24T11:06:25.6708742-05:00  -  start read of csv
2022-01-24T11:06:59.5870482-05:00  -  end read
2022-01-24T11:14:55.9263529-05:00  -  Begin Processing
2022-01-24T11:14:55.9273512-05:00  -  Valid DB
2022-01-24T11:14:55.9363562-05:00  -  Valid source CSV
2022-01-24T11:14:55.9453558-05:00  -  start read of csv
2022-01-24T11:15:45.5704419-05:00  -  Begin Processing
2022-01-24T11:15:45.5724410-05:00  -  Valid DB
2022-01-24T11:15:45.5914429-05:00  -  Valid source CSV
2022-01-24T11:15:45.6084420-05:00  -  start read of csv
2022-01-24T11:16:23.7793002-05:00  -  Begin Processing
2022-01-24T11:16:23.7812989-05:00  -  Valid DB
2022-01-24T11:16:23.7923284-05:00  -  Valid source CSV
2022-01-24T11:16:23.7992956-05:00  -  start read of csv
2022-01-24T11:16:29.2498919-05:00  -  end read
2022-01-24T11:17:18.8491875-05:00
2022-01-24T11:17:22.1171665-05:00  -  end read start write
2022-01-24T11:17:33.3778914-05:00  -  Begin Processing
2022-01-24T11:17:33.3788897-05:00  -  Valid DB
2022-01-24T11:17:33.3878946-05:00  -  Valid source CSV
2022-01-24T11:17:33.3998906-05:00  -  start read of csv
2022-01-24T11:17:36.7038768-05:00  -  end read
2022-01-24T11:17:51.2699011-05:00
2022-01-24T11:20:02.5101216-05:00  -  Begin Processing
2022-01-24T11:20:02.5111195-05:00  -  Valid DB
2022-01-24T11:20:02.5238440-05:00  -  Valid source CSV
2022-01-24T11:20:02.5338503-05:00  -  start read of csv
2022-01-24T11:20:07.7524918-05:00  -  end read
2022-01-24T11:21:09.8285508-05:00  -  Begin Processing
2022-01-24T11:21:09.8295457-05:00  -  Valid DB
2022-01-24T11:21:09.8395503-05:00  -  Valid source CSV
2022-01-24T11:21:09.8475494-05:00  -  start read of csv
2022-01-24T11:21:20.9668898-05:00  -  end read
2022-01-24T11:22:45.1369635-05:00  -  Begin Processing
2022-01-24T11:22:45.3059304-05:00  -  Valid DB
2022-01-24T11:22:45.3149287-05:00  -  Valid source CSV
2022-01-24T11:22:45.3229297-05:00  -  start read of csv
2022-01-24T11:22:53.2622270-05:00  -  end read
2022-01-24T11:23:40.7595372-05:00  -  Begin Processing
2022-01-24T11:23:40.7615244-05:00  -  Valid DB
2022-01-24T11:23:40.7714927-05:00  -  Valid source CSV
2022-01-24T11:23:40.7834931-05:00  -  start read of csv
2022-01-24T11:23:43.3087623-05:00  -  end read
2022-01-24T11:23:46.2094499-05:00@{TitleID=20000}
2022-01-24T11:24:17.2545616-05:00  -  Begin Processing
2022-01-24T11:24:17.2565653-05:00  -  Valid DB
2022-01-24T11:24:17.2645621-05:00  -  Valid source CSV
2022-01-24T11:24:17.2726002-05:00  -  start read of csv
2022-01-24T11:24:20.1210463-05:00  -  end read
2022-01-24T11:24:35.9700701-05:00@{TitleID=20000}
2022-01-24T11:28:42.0482792-05:00  -  Begin Processing
2022-01-24T11:28:42.0542753-05:00  -  Valid DB
2022-01-24T11:28:42.0672756-05:00  -  Valid source CSV
2022-01-24T11:28:42.0762780-05:00  -  start read of csv
2022-01-24T11:28:42.3642739-05:00  -  end read
2022-01-24T11:28:43.0062784-05:00@{TitleID=20000}
2022-01-24T11:28:43.1172760-05:00  -  end read start write
2022-01-24T11:28:43.1202792-05:003
2022-01-24T11:28:43.3172755-05:00  -  End write
2022-01-24T11:29:39.1877746-05:00  -  Begin Processing
2022-01-24T11:29:39.1897709-05:00  -  Valid DB
2022-01-24T11:29:39.2057737-05:00  -  Valid source CSV
2022-01-24T11:29:39.2177742-05:00  -  start read of csv
2022-01-24T11:29:52.1999893-05:00  -  Begin Processing
2022-01-24T11:29:52.2059837-05:00  -  Valid DB
2022-01-24T11:29:52.2129838-05:00  -  Valid source CSV
2022-01-24T11:29:52.2194842-05:00  -  start read of csv
2022-01-24T11:29:52.4297579-05:00  -  end read
2022-01-24T11:29:52.8978269-05:00@{TitleID=20003}
2022-01-24T11:29:53.3157927-05:00  -  end read start write
2022-01-24T11:29:53.3187957-05:0021
2022-01-24T11:29:53.4858586-05:00  -  End write
2022-01-24T11:31:53.3523793-05:00  -  Begin Processing
2022-01-24T11:31:53.3583451-05:00  -  Valid DB
2022-01-24T11:31:53.3643458-05:00  -  Valid source CSV
2022-01-24T11:31:53.3713792-05:00  -  start read of csv
2022-01-24T11:31:55.4265241-05:00  -  end read
2022-01-24T11:31:56.0958403-05:00@{TitleID=20024}
2022-01-24T11:32:19.6309883-05:00  -  end read start write
2022-01-24T11:32:19.6339573-05:00 - row count
2022-01-24T11:32:21.5738657-05:00  -  End write
2022-01-24T11:34:23.0755546-05:00  -  Begin Processing
2022-01-24T11:34:23.0765494-05:00  -  Valid DB
2022-01-24T11:34:23.0835505-05:00  -  Valid source CSV
2022-01-24T11:34:23.0895488-05:00  -  start read of csv
2022-01-24T11:34:40.3134521-05:00  -  Begin Processing
2022-01-24T11:34:40.3144143-05:00  -  Valid DB
2022-01-24T11:34:40.3214154-05:00  -  Valid source CSV
2022-01-24T11:34:40.3274190-05:00  -  start read of csv
2022-01-24T11:35:37.9165243-05:00  -  Begin Processing
2022-01-24T11:35:37.9175218-05:00  -  Valid DB
2022-01-24T11:35:37.9254878-05:00  -  Valid source CSV
2022-01-24T11:35:37.9314899-05:00  -  start read of csv
2022-01-24T11:38:13.9250182-05:00  -  Begin Processing
2022-01-24T11:38:19.4968045-05:00  -  Valid DB
2022-01-24T11:38:22.7266575-05:00  -  Valid source CSV
2022-01-24T11:38:52.2141171-05:00  -  Begin Processing
2022-01-24T11:38:54.3145778-05:00  -  Valid DB
2022-01-24T11:38:56.1036192-05:00  -  Valid source CSV
2022-01-24T11:40:43.5690580-05:00  -  Begin Processing
2022-01-24T11:40:43.5700643-05:00  -  Valid DB
2022-01-24T11:40:43.5790404-05:00  -  Valid source CSV
2022-01-24T11:41:00.2134495-05:00  -  start read of csv2022-01-24T11:40:43.5860427-05:00
2022-01-24T11:42:37.4749374-05:00  -  Begin Processing
2022-01-24T11:42:37.4779395-05:00  -  Valid DB
2022-01-24T11:42:37.4849396-05:00  -  Valid source CSV
2022-01-24T11:42:44.0005030-05:00  -  start read of csv 2022-01-24T11:42:37.4909357-05:00
2022-01-24T11:42:44.8799794-05:00  -  end read
2022-01-24T11:42:45.2555081-05:00@{TitleID=22024}
2022-01-24T11:42:45.3295049-05:00  -  end read start write
2022-01-24T11:42:45.3335070-05:00 - row count
2022-01-24T11:42:45.5807456-05:00  -  start read of csv 2022-01-24T11:42:37.4909357-05:00
2022-01-24T11:44:50.3940297-05:00  -  Begin Processing
2022-01-24T11:44:50.3960288-05:00  -  Valid DB
2022-01-24T11:44:50.4040243-05:00  -  Valid source CSV
2022-01-24T11:44:50.4150251-05:00  -  start read of csv 2022-01-24T11:44:50.4150251-05:00
2022-01-24T11:44:50.5980300-05:00  -  end read
2022-01-24T11:44:50.6130281-05:00@{TitleID=22027}
2022-01-24T11:44:50.6510270-05:00  -  end read start write
2022-01-24T11:44:50.6520274-05:00 - row count
2022-01-24T11:44:50.6950278-05:0000:00:00.2740027
2022-01-24T11:45:50.7381434-05:00  -  Begin Processing
2022-01-24T11:45:50.7391397-05:00  -  Valid DB
2022-01-24T11:45:50.7492989-05:00  -  Valid source CSV
2022-01-24T11:45:50.7623643-05:00  -  start read of csv 2022-01-24T11:45:50.7623643-05:00
2022-01-24T11:45:50.9552184-05:00  -  end read
2022-01-24T11:45:50.9732185-05:00@{TitleID=22030}
2022-01-24T11:45:51.0182185-05:00  -  end read start write
2022-01-24T11:45:51.0212196-05:00 - row count
2022-01-24T11:45:51.0643343-05:00 - end time span 00:00:00.2999712
2022-01-24T11:46:43.8495744-05:00  -  Begin Processing
2022-01-24T11:46:43.8505717-05:00  -  Valid DB
2022-01-24T11:46:43.8605767-05:00  -  Valid source CSV
2022-01-24T11:46:43.8702210-05:00  -  start read of csv 2022-01-24T11:46:43.8692216-05:00
2022-01-24T11:46:44.0532205-05:00  -  end read
2022-01-24T11:46:44.0632232-05:00@{TitleID=22033}
2022-01-24T11:46:44.1072228-05:00  -  end read start write
2022-01-24T11:46:44.1102235-05:00 - row count 3
2022-01-24T11:46:44.1489905-05:00 - end time span 00:00:00.2797689
2022-01-24T11:47:02.8287373-05:00  -  Begin Processing
2022-01-24T11:47:02.8297351-05:00  -  Valid DB
2022-01-24T11:47:02.8387394-05:00  -  Valid source CSV
2022-01-24T11:47:02.8457348-05:00  -  start read of csv 2022-01-24T11:47:02.8457348-05:00
2022-01-24T11:47:03.0327327-05:00  -  end read
2022-01-24T11:47:03.0437340-05:00@{TitleID=22036}
2022-01-24T11:47:26.9284676-05:00  -  end read start write
2022-01-24T11:47:26.9304660-05:00 - row count 2100
2022-01-24T11:47:28.5835487-05:00 - end time span 00:00:25.7378139
2022-01-24T11:48:36.4066139-05:00  -  Begin Processing
2022-01-24T11:48:36.4126136-05:00  -  Valid DB
2022-01-24T11:48:36.4206183-05:00  -  Valid source CSV
2022-01-24T11:48:36.4318968-05:00  -  start read of csv 2022-01-24T11:48:36.4288597-05:00
2022-01-24T11:48:36.6318606-05:00  -  end read
2022-01-24T11:48:37.1868941-05:00@{TitleID=24136}
2022-01-24T11:48:49.7399220-05:00  -  end read start write
2022-01-24T11:48:49.7429227-05:00 - row count 2100
2022-01-24T11:48:51.7625168-05:00 - end time span 00:00:15.3286572
2022-01-24T11:50:15.7191668-05:00  -  Begin Processing
2022-01-24T11:50:15.7241676-05:00  -  Valid DB
2022-01-24T11:50:15.7321674-05:00  -  Valid source CSV
2022-01-24T11:50:15.7431988-05:00  -  start read of csv 2022-01-24T11:50:15.7401684-05:00
2022-01-24T11:50:16.1238409-05:00  -  end read
2022-01-24T11:50:16.6809582-05:00@{TitleID=26236}
2022-01-24T11:51:47.6572563-05:00  -  end read start write
2022-01-24T11:51:47.6612613-05:00 - row count 21000
2022-01-24T11:52:03.1942179-05:00 - end time span 00:01:47.4490494
2022-01-24T11:52:55.9483240-05:00  -  Begin Processing
2022-01-24T11:52:55.9565018-05:00  -  Valid DB
2022-01-24T11:52:55.9674974-05:00  -  Valid source CSV
2022-01-24T11:52:55.9814955-05:00  -  start read of csv 2022-01-24T11:52:55.9784988-05:00
2022-01-24T11:52:58.6984860-05:00  -  end read
2022-01-24T11:52:59.1301176-05:00@{TitleID=47236}
2022-01-24T12:14:08.0081926-05:00  -  end read start write
2022-01-24T12:14:08.0121886-05:00 - row count 210000
2022-01-24T12:19:58.6701997-05:00 - end time span 00:27:02.6836991
2022-01-24T13:07:00.0191287-05:00  -  Begin Processing
2022-01-24T13:07:00.0281253-05:00  -  Valid DB
2022-01-24T13:07:00.0391268-05:00  -  Valid source CSV
2022-01-24T13:07:00.0491287-05:00  -  start read of csv 2022-01-24T13:07:00.0461250-05:00
2022-01-24T13:07:03.4441656-05:00  -  end read
2022-01-24T13:07:04.3991008-05:00@{TitleID=257236}
2022-01-24T13:11:06.3877031-05:00  -  Begin Processing
2022-01-24T13:11:06.3957034-05:00  -  Valid DB
2022-01-24T13:11:06.4087961-05:00  -  Valid source CSV
2022-01-24T13:11:06.4208057-05:00  -  start read of csv
2022-01-24T13:11:36.4166276-05:00  -  end read
2022-01-24T13:16:28.0039688-05:00  -  Begin Processing
2022-01-24T13:16:28.0059677-05:00  -  Valid DB
2022-01-24T13:16:28.0179699-05:00  -  Valid source CSV
2022-01-24T13:16:28.0269699-05:00  -  start read of csv
2022-01-24T13:16:28.2796075-05:00  -  end read
2022-01-24T13:16:57.7052083-05:00  -  Begin Processing
2022-01-24T13:16:57.7072142-05:00  -  Valid DB
2022-01-24T13:16:57.7202093-05:00  -  Valid source CSV
2022-01-24T13:16:57.7324538-05:00  -  start read of csv
2022-01-24T13:16:57.9644547-05:00  -  end read
2022-01-24T13:21:41.3235141-05:00  -  Begin Processing
2022-01-24T13:21:41.3255121-05:00  -  Valid DB
2022-01-24T13:21:41.3385134-05:00  -  Valid source CSV
2022-01-24T13:21:41.3535123-05:00  -  start read of csv 2022-01-24T13:21:41.3535123-05:00
2022-01-24T13:21:41.6059541-05:00  -  end read
2022-01-24T13:21:41.6269530-05:00
2022-01-24T13:21:43.3829041-05:00  -  end read start write
2022-01-24T13:21:43.3849042-05:00 - row count 1000
2022-01-24T13:21:43.3959019-05:00 - end time span 00:00:02.0423896
2022-01-24T13:22:29.9790255-05:00  -  Begin Processing
2022-01-24T13:22:29.9820243-05:00  -  Valid DB
2022-01-24T13:22:29.9930259-05:00  -  Valid source CSV
2022-01-24T13:22:30.0020210-05:00  -  start read of csv 2022-01-24T13:22:30.0020210-05:00
2022-01-24T13:22:30.2669420-05:00  -  end read
2022-01-24T13:22:30.2810501-05:00@{TitleID=1000}
2022-01-24T13:22:46.2478405-05:00  -  end read start write
2022-01-24T13:22:46.2498423-05:00 - row count 10000
2022-01-24T13:22:46.2608426-05:00 - end time span 00:00:16.2578206
2022-01-24T13:23:58.8539496-05:00  -  Begin Processing
2022-01-24T13:23:58.8559496-05:00  -  Valid DB
2022-01-24T13:23:58.8699511-05:00  -  Valid source CSV
2022-01-24T13:23:58.8839497-05:00  -  start read of csv 2022-01-24T13:23:58.8829495-05:00
2022-01-24T13:23:59.1927183-05:00  -  end read
2022-01-24T13:23:59.2087174-05:00@{TitleID=11000}
2022-01-24T13:27:03.2084865-05:00  -  end read start write
2022-01-24T13:27:03.2254872-05:00 - row count 100000 -- title basic - stream - Nullout
2022-01-24T13:27:03.2371145-05:00 - end time span 00:03:04.3541650
2022-01-24T13:37:36.6090133-05:00  -  Begin Processing
2022-01-24T13:37:36.6110158-05:00  -  Valid DB
2022-01-24T13:37:36.6270141-05:00  -  Valid source CSV
2022-01-24T13:37:36.6397048-05:00  -  start read of csv 2022-01-24T13:37:36.6397048-05:00
2022-01-24T13:37:39.3866442-05:00  -  end read
2022-01-24T13:37:39.4006415-05:00@{TitleID=257236}
2022-01-24T13:40:50.8951723-05:00 - end time span 00:03:14.2544682 -- titlebasic get-conetn nullout
2022-01-24T13:42:03.5938707-05:00  -  Begin Processing
2022-01-24T13:42:03.5978845-05:00  -  Valid DB
2022-01-24T13:42:03.6918683-05:00  -  Valid source CSV
2022-01-24T13:42:03.6928687-05:00  -  start read of csv 2022-01-24T13:42:03.6928687-05:00
2022-01-24T13:42:05.6630887-05:00  -  end read
2022-01-24T13:42:05.6760881-05:00@{TitleID=357236}
